<?xml version="1.0" encoding="UTF-8"?>
<testsuite xmlns:xsi="http://www.w3.org/2001/XMLSchema-instance" xsi:schemaLocation="https://maven.apache.org/surefire/maven-surefire-plugin/xsd/surefire-test-report.xsd" name="com.pnt.SampleSauceTest" time="85.469" tests="2" errors="2" skipped="0" failures="0">
  <properties>
[...]
</properties>
  <testcase name="sampleTest" classname="com.pnt.SampleSauceTest" time="85.469">
    <error message="Sauce could not start your job. For more information on what happened, please visit https://saucelabs.com/jobs/99610aacdecf48e7a4df851afc2fa480 (WARNING: The server did not provide any stacktrace information)&#10;Command duration or timeout: 85.50 seconds&#10;Build info: version: &apos;2.53.1&apos;, revision: &apos;a36b8b1cd5757287168e54b817830adce9b0158d&apos;, time: &apos;2016-06-30 19:26:09&apos;&#10;System info: host: &apos;DESKTOP-QFU6CGB&apos;, ip: &apos;192.168.134.2&apos;, os.name: &apos;Windows 10&apos;, os.arch: &apos;amd64&apos;, os.version: &apos;10.0&apos;, java.version: &apos;1.8.0_111&apos;&#10;Driver info: io.appium.java_client.android.AndroidDriver" type="org.openqa.selenium.WebDriverException">org.openqa.selenium.WebDriverException: 
Sauce could not start your job. For more information on what happened, please visit https://saucelabs.com/jobs/99610aacdecf48e7a4df851afc2fa480 (WARNING: The server did not provide any stacktrace information)
Command duration or timeout: 85.50 seconds
Build info: version: '2.53.1', revision: 'a36b8b1cd5757287168e54b817830adce9b0158d', time: '2016-06-30 19:26:09'
System info: host: 'DESKTOP-QFU6CGB', ip: '192.168.134.2', os.name: 'Windows 10', os.arch: 'amd64', os.version: '10.0', java.version: '1.8.0_111'
Driver info: io.appium.java_client.android.AndroidDriver
	at com.pnt.SampleSauceTest.setUp(SampleSauceTest.java:36)
</error>
  </testcase>
  <testcase name="sampleTest" classname="com.pnt.SampleSauceTest" time="85.469">
    <error type="java.lang.NullPointerException">java.lang.NullPointerException
	at com.pnt.SampleSauceTest.tearDown(SampleSauceTest.java:50)
</error>
  </testcase>
</testsuite>